<?xml version="1.0" encoding="UTF-8"?>
<!-- Generated by org.testng.reporters.JUnitXMLReporter -->
<testsuite hostname="EVS01CPB237" ignored="0" name="Test" tests="36" failures="0" timestamp="13 Jun 2017 09:57:49 GMT" time="62.97" errors="0">
  <testcase name="testlogin" time="6.318" classname="testcases.HybridExecuteTest"/>
  <testcase name="testlogin" time="3.526" classname="testcases.HybridExecuteTest"/>
  <testcase name="testlogin" time="0.098" classname="testcases.HybridExecuteTest"/>
  <testcase name="testlogin" time="0.04" classname="testcases.HybridExecuteTest"/>
  <testcase name="testlogin" time="0.52" classname="testcases.HybridExecuteTest"/>
  <testcase name="testlogin" time="0.221" classname="testcases.HybridExecuteTest"/>
  <testcase name="testlogin" time="4.777" classname="testcases.HybridExecuteTest"/>
  <testcase name="testlogin" time="9.918" classname="testcases.HybridExecuteTest"/>
  <testcase name="testlogin" time="0.085" classname="testcases.HybridExecuteTest"/>
  <testcase name="testlogin" time="0.038" classname="testcases.HybridExecuteTest"/>
  <testcase name="testlogin" time="0.74" classname="testcases.HybridExecuteTest"/>
  <testcase name="testlogin" time="3.002" classname="testcases.HybridExecuteTest"/>
  <testcase name="testlogin" time="0.089" classname="testcases.HybridExecuteTest"/>
  <testcase name="testlogin" time="0.064" classname="testcases.HybridExecuteTest"/>
  <testcase name="testlogin" time="3.0" classname="testcases.HybridExecuteTest"/>
  <testcase name="testlogin" time="0.089" classname="testcases.HybridExecuteTest"/>
  <testcase name="testlogin" time="2.0" classname="testcases.HybridExecuteTest"/>
  <testcase name="testlogin" time="0.076" classname="testcases.HybridExecuteTest"/>
  <testcase name="testlogin" time="0.037" classname="testcases.HybridExecuteTest"/>
  <testcase name="testlogin" time="2.001" classname="testcases.HybridExecuteTest"/>
  <testcase name="testlogin" time="0.002" classname="testcases.HybridExecuteTest"/>
  <testcase name="testlogin" time="2.001" classname="testcases.HybridExecuteTest"/>
  <testcase name="testlogin" time="0.002" classname="testcases.HybridExecuteTest"/>
  <testcase name="testlogin" time="2.001" classname="testcases.HybridExecuteTest"/>
  <testcase name="testlogin" time="0.102" classname="testcases.HybridExecuteTest"/>
  <testcase name="testlogin" time="3.001" classname="testcases.HybridExecuteTest"/>
  <testcase name="testlogin" time="0.001" classname="testcases.HybridExecuteTest"/>
  <testcase name="testlogin" time="2.002" classname="testcases.HybridExecuteTest"/>
  <testcase name="testlogin" time="0.058" classname="testcases.HybridExecuteTest"/>
  <testcase name="testlogin" time="3.001" classname="testcases.HybridExecuteTest"/>
  <testcase name="testlogin" time="0.002" classname="testcases.HybridExecuteTest"/>
  <testcase name="testlogin" time="2.001" classname="testcases.HybridExecuteTest"/>
  <testcase name="testlogin" time="0.054" classname="testcases.HybridExecuteTest"/>
  <testcase name="testlogin" time="3.001" classname="testcases.HybridExecuteTest"/>
  <testcase name="testlogin" time="0.001" classname="testcases.HybridExecuteTest"/>
  <testcase name="testlogin" time="8.043" classname="testcases.HybridExecuteTest"/>
</testsuite> <!-- Test -->
